0 info it worked if it ends with ok
1 verbose cli [ '/Users/latentflip/.nvm/v0.10.33/bin/node',
1 verbose cli   '/Users/latentflip/.nvm/v0.10.33/bin/npm',
1 verbose cli   'install',
1 verbose cli   'html-parse-stringify',
1 verbose cli   'virtual-dom/h',
1 verbose cli   'virtual-dom/diff',
1 verbose cli   'virtual-dom/patch',
1 verbose cli   'virtual-dom/create-element',
1 verbose cli   'amp-is-string' ]
2 info using npm@1.4.28
3 info using node@v0.10.33
4 warn package.json ampersand-virtual-dom-mixin@1.0.0 No description
5 warn package.json ampersand-virtual-dom-mixin@1.0.0 No repository field.
6 warn package.json ampersand-virtual-dom-mixin@1.0.0 No README data
7 verbose readDependencies using package.json deps
8 verbose cache add [ 'html-parse-stringify', null ]
9 verbose cache add name=undefined spec="html-parse-stringify" args=["html-parse-stringify",null]
10 verbose parsed url { protocol: null,
10 verbose parsed url   slashes: null,
10 verbose parsed url   auth: null,
10 verbose parsed url   host: null,
10 verbose parsed url   port: null,
10 verbose parsed url   hostname: null,
10 verbose parsed url   hash: null,
10 verbose parsed url   search: null,
10 verbose parsed url   query: null,
10 verbose parsed url   pathname: 'html-parse-stringify',
10 verbose parsed url   path: 'html-parse-stringify',
10 verbose parsed url   href: 'html-parse-stringify' }
11 verbose cache add [ 'virtual-dom/h', null ]
12 verbose cache add name=undefined spec="virtual-dom/h" args=["virtual-dom/h",null]
13 verbose parsed url { protocol: null,
13 verbose parsed url   slashes: null,
13 verbose parsed url   auth: null,
13 verbose parsed url   host: null,
13 verbose parsed url   port: null,
13 verbose parsed url   hostname: null,
13 verbose parsed url   hash: null,
13 verbose parsed url   search: null,
13 verbose parsed url   query: null,
13 verbose parsed url   pathname: 'virtual-dom/h',
13 verbose parsed url   path: 'virtual-dom/h',
13 verbose parsed url   href: 'virtual-dom/h' }
14 verbose cache add [ 'virtual-dom/diff', null ]
15 verbose cache add name=undefined spec="virtual-dom/diff" args=["virtual-dom/diff",null]
16 verbose parsed url { protocol: null,
16 verbose parsed url   slashes: null,
16 verbose parsed url   auth: null,
16 verbose parsed url   host: null,
16 verbose parsed url   port: null,
16 verbose parsed url   hostname: null,
16 verbose parsed url   hash: null,
16 verbose parsed url   search: null,
16 verbose parsed url   query: null,
16 verbose parsed url   pathname: 'virtual-dom/diff',
16 verbose parsed url   path: 'virtual-dom/diff',
16 verbose parsed url   href: 'virtual-dom/diff' }
17 verbose cache add [ 'virtual-dom/patch', null ]
18 verbose cache add name=undefined spec="virtual-dom/patch" args=["virtual-dom/patch",null]
19 verbose parsed url { protocol: null,
19 verbose parsed url   slashes: null,
19 verbose parsed url   auth: null,
19 verbose parsed url   host: null,
19 verbose parsed url   port: null,
19 verbose parsed url   hostname: null,
19 verbose parsed url   hash: null,
19 verbose parsed url   search: null,
19 verbose parsed url   query: null,
19 verbose parsed url   pathname: 'virtual-dom/patch',
19 verbose parsed url   path: 'virtual-dom/patch',
19 verbose parsed url   href: 'virtual-dom/patch' }
20 verbose cache add [ 'virtual-dom/create-element', null ]
21 verbose cache add name=undefined spec="virtual-dom/create-element" args=["virtual-dom/create-element",null]
22 verbose parsed url { protocol: null,
22 verbose parsed url   slashes: null,
22 verbose parsed url   auth: null,
22 verbose parsed url   host: null,
22 verbose parsed url   port: null,
22 verbose parsed url   hostname: null,
22 verbose parsed url   hash: null,
22 verbose parsed url   search: null,
22 verbose parsed url   query: null,
22 verbose parsed url   pathname: 'virtual-dom/create-element',
22 verbose parsed url   path: 'virtual-dom/create-element',
22 verbose parsed url   href: 'virtual-dom/create-element' }
23 verbose cache add [ 'amp-is-string', null ]
24 verbose cache add name=undefined spec="amp-is-string" args=["amp-is-string",null]
25 verbose parsed url { protocol: null,
25 verbose parsed url   slashes: null,
25 verbose parsed url   auth: null,
25 verbose parsed url   host: null,
25 verbose parsed url   port: null,
25 verbose parsed url   hostname: null,
25 verbose parsed url   hash: null,
25 verbose parsed url   search: null,
25 verbose parsed url   query: null,
25 verbose parsed url   pathname: 'amp-is-string',
25 verbose parsed url   path: 'amp-is-string',
25 verbose parsed url   href: 'amp-is-string' }
26 silly lockFile f06b5497-html-parse-stringify html-parse-stringify
27 verbose lock html-parse-stringify /Users/latentflip/.npm/f06b5497-html-parse-stringify.lock
28 silly lockFile c7fd4051-virtual-dom-h virtual-dom/h
29 verbose lock virtual-dom/h /Users/latentflip/.npm/c7fd4051-virtual-dom-h.lock
30 silly lockFile e43d5491-virtual-dom-diff virtual-dom/diff
31 verbose lock virtual-dom/diff /Users/latentflip/.npm/e43d5491-virtual-dom-diff.lock
32 silly lockFile ed9fd7e0-virtual-dom-patch virtual-dom/patch
33 verbose lock virtual-dom/patch /Users/latentflip/.npm/ed9fd7e0-virtual-dom-patch.lock
34 silly lockFile 5289a83c-virtual-dom-create-element virtual-dom/create-element
35 verbose lock virtual-dom/create-element /Users/latentflip/.npm/5289a83c-virtual-dom-create-element.lock
36 silly lockFile f4193352-amp-is-string amp-is-string
37 verbose lock amp-is-string /Users/latentflip/.npm/f4193352-amp-is-string.lock
38 silly lockFile f06b5497-html-parse-stringify html-parse-stringify
39 silly lockFile f06b5497-html-parse-stringify html-parse-stringify
40 info maybeGithub Attempting virtual-dom/diff from git://github.com/virtual-dom/diff
41 silly lockFile 72264dc7-git-github-com-virtual-dom-diff git://github.com/virtual-dom/diff
42 verbose lock git://github.com/virtual-dom/diff /Users/latentflip/.npm/72264dc7-git-github-com-virtual-dom-diff.lock
43 info maybeGithub Attempting virtual-dom/h from git://github.com/virtual-dom/h
44 silly lockFile b5cf6f9d-git-github-com-virtual-dom-h git://github.com/virtual-dom/h
45 verbose lock git://github.com/virtual-dom/h /Users/latentflip/.npm/b5cf6f9d-git-github-com-virtual-dom-h.lock
46 info maybeGithub Attempting virtual-dom/patch from git://github.com/virtual-dom/patch
47 silly lockFile 9975bd69-git-github-com-virtual-dom-patch git://github.com/virtual-dom/patch
48 verbose lock git://github.com/virtual-dom/patch /Users/latentflip/.npm/9975bd69-git-github-com-virtual-dom-patch.lock
49 info maybeGithub Attempting virtual-dom/create-element from git://github.com/virtual-dom/create-element
50 silly lockFile babb8834-b-com-virtual-dom-create-element git://github.com/virtual-dom/create-element
51 verbose lock git://github.com/virtual-dom/create-element /Users/latentflip/.npm/babb8834-b-com-virtual-dom-create-element.lock
52 silly lockFile f4193352-amp-is-string amp-is-string
53 silly lockFile f4193352-amp-is-string amp-is-string
54 verbose addNamed [ 'html-parse-stringify', '' ]
55 verbose addNamed [ null, '*' ]
56 silly lockFile 12fcc93e-html-parse-stringify html-parse-stringify@
57 verbose lock html-parse-stringify@ /Users/latentflip/.npm/12fcc93e-html-parse-stringify.lock
58 verbose addNamed [ 'amp-is-string', '' ]
59 verbose addNamed [ null, '*' ]
60 silly lockFile 98cc4fbc-amp-is-string amp-is-string@
61 verbose lock amp-is-string@ /Users/latentflip/.npm/98cc4fbc-amp-is-string.lock
62 verbose addRemoteGit [ 'git://github.com/virtual-dom/diff', 'master' ]
63 verbose addRemoteGit [ 'git://github.com/virtual-dom/h', 'master' ]
64 verbose addRemoteGit [ 'git://github.com/virtual-dom/patch', 'master' ]
65 verbose addRemoteGit [ 'git://github.com/virtual-dom/create-element', 'master' ]
66 silly addNameRange { name: 'html-parse-stringify', range: '*', hasData: false }
67 silly addNameRange { name: 'amp-is-string', range: '*', hasData: false }
68 verbose request where is /html-parse-stringify
69 verbose request registry https://nlfpm.andyet.net/
70 verbose request id c21234b46bc2d406
71 verbose url raw /html-parse-stringify
72 verbose url resolving [ 'https://nlfpm.andyet.net/', './html-parse-stringify' ]
73 verbose url resolved https://nlfpm.andyet.net/html-parse-stringify
74 verbose request where is https://nlfpm.andyet.net/html-parse-stringify
75 info trying registry request attempt 1 at 23:12:32
76 verbose etag "46QM7EDO372FZLUXRO6GLEZ2V"
77 http GET https://nlfpm.andyet.net/html-parse-stringify
78 verbose request where is /amp-is-string
79 verbose request registry https://nlfpm.andyet.net/
80 verbose url raw /amp-is-string
81 verbose url resolving [ 'https://nlfpm.andyet.net/', './amp-is-string' ]
82 verbose url resolved https://nlfpm.andyet.net/amp-is-string
83 verbose request where is https://nlfpm.andyet.net/amp-is-string
84 info trying registry request attempt 1 at 23:12:32
85 verbose etag "BDTVCD7JGC9AVYXJJFP8FOGEW"
86 http GET https://nlfpm.andyet.net/amp-is-string
87 verbose git clone git://github.com/virtual-dom/diff Cloning into bare repository '/Users/latentflip/.npm/_git-remotes/git-github-com-virtual-dom-diff-72264dc7'...
87 verbose git clone git://github.com/virtual-dom/diff fatal: remote error:
87 verbose git clone git://github.com/virtual-dom/diff   Repository not found.
88 verbose git clone git://github.com/virtual-dom/patch Cloning into bare repository '/Users/latentflip/.npm/_git-remotes/git-github-com-virtual-dom-patch-9975bd69'...
88 verbose git clone git://github.com/virtual-dom/patch fatal: remote error:
88 verbose git clone git://github.com/virtual-dom/patch   Repository not found.
89 silly lockFile 72264dc7-git-github-com-virtual-dom-diff git://github.com/virtual-dom/diff
90 silly lockFile 72264dc7-git-github-com-virtual-dom-diff git://github.com/virtual-dom/diff
91 silly lockFile 9975bd69-git-github-com-virtual-dom-patch git://github.com/virtual-dom/patch
92 silly lockFile 9975bd69-git-github-com-virtual-dom-patch git://github.com/virtual-dom/patch
93 info maybeGithub Attempting virtual-dom/diff from git+ssh://git@github.com:virtual-dom/diff
94 silly lockFile c7a14e56-git-github-com-virtual-dom-diff git@github.com:virtual-dom/diff
95 verbose lock git@github.com:virtual-dom/diff /Users/latentflip/.npm/c7a14e56-git-github-com-virtual-dom-diff.lock
96 info maybeGithub Attempting virtual-dom/patch from git+ssh://git@github.com:virtual-dom/patch
97 silly lockFile 9a8114b3-git-github-com-virtual-dom-patch git@github.com:virtual-dom/patch
98 verbose lock git@github.com:virtual-dom/patch /Users/latentflip/.npm/9a8114b3-git-github-com-virtual-dom-patch.lock
99 verbose addRemoteGit [ 'git@github.com:virtual-dom/diff', 'master' ]
100 verbose addRemoteGit [ 'git@github.com:virtual-dom/patch', 'master' ]
101 verbose git clone git://github.com/virtual-dom/create-element Cloning into bare repository '/Users/latentflip/.npm/_git-remotes/git-github-com-virtual-dom-create-element-babb8834'...
101 verbose git clone git://github.com/virtual-dom/create-element fatal: remote error:
101 verbose git clone git://github.com/virtual-dom/create-element   Repository not found.
102 silly lockFile babb8834-b-com-virtual-dom-create-element git://github.com/virtual-dom/create-element
103 silly lockFile babb8834-b-com-virtual-dom-create-element git://github.com/virtual-dom/create-element
104 info maybeGithub Attempting virtual-dom/create-element from git+ssh://git@github.com:virtual-dom/create-element
105 silly lockFile fa2367a1-b-com-virtual-dom-create-element git@github.com:virtual-dom/create-element
106 verbose lock git@github.com:virtual-dom/create-element /Users/latentflip/.npm/fa2367a1-b-com-virtual-dom-create-element.lock
107 verbose addRemoteGit [ 'git@github.com:virtual-dom/create-element', 'master' ]
108 verbose git clone git://github.com/virtual-dom/h Cloning into bare repository '/Users/latentflip/.npm/_git-remotes/git-github-com-virtual-dom-h-b5cf6f9d'...
108 verbose git clone git://github.com/virtual-dom/h fatal: remote error:
108 verbose git clone git://github.com/virtual-dom/h   Repository not found.
109 silly lockFile b5cf6f9d-git-github-com-virtual-dom-h git://github.com/virtual-dom/h
110 silly lockFile b5cf6f9d-git-github-com-virtual-dom-h git://github.com/virtual-dom/h
111 info maybeGithub Attempting virtual-dom/h from git+ssh://git@github.com:virtual-dom/h
112 silly lockFile 81baa87c-git-github-com-virtual-dom-h git@github.com:virtual-dom/h
113 verbose lock git@github.com:virtual-dom/h /Users/latentflip/.npm/81baa87c-git-github-com-virtual-dom-h.lock
114 verbose addRemoteGit [ 'git@github.com:virtual-dom/h', 'master' ]
115 http 304 https://nlfpm.andyet.net/html-parse-stringify
116 silly registry.get cb [ 304,
116 silly registry.get   { 'cache-control': 'no-cache',
116 silly registry.get     date: 'Fri, 12 Dec 2014 23:12:33 GMT' } ]
117 verbose etag https://nlfpm.andyet.net/html-parse-stringify from cache
118 silly addNameRange number 2 { name: 'html-parse-stringify', range: '*', hasData: true }
119 silly addNameRange versions [ 'html-parse-stringify', [ '1.0.0', '1.0.1' ] ]
120 verbose addNamed [ 'html-parse-stringify', '1.0.1' ]
121 verbose addNamed [ '1.0.1', '1.0.1' ]
122 silly lockFile 68248ac3-html-parse-stringify-1-0-1 html-parse-stringify@1.0.1
123 verbose lock html-parse-stringify@1.0.1 /Users/latentflip/.npm/68248ac3-html-parse-stringify-1-0-1.lock
124 silly lockFile 68248ac3-html-parse-stringify-1-0-1 html-parse-stringify@1.0.1
125 silly lockFile 68248ac3-html-parse-stringify-1-0-1 html-parse-stringify@1.0.1
126 silly lockFile 12fcc93e-html-parse-stringify html-parse-stringify@
127 silly lockFile 12fcc93e-html-parse-stringify html-parse-stringify@
128 http 304 https://nlfpm.andyet.net/amp-is-string
129 silly registry.get cb [ 304,
129 silly registry.get   { 'cache-control': 'no-cache',
129 silly registry.get     date: 'Fri, 12 Dec 2014 23:12:33 GMT' } ]
130 verbose etag https://nlfpm.andyet.net/amp-is-string from cache
131 silly addNameRange number 2 { name: 'amp-is-string', range: '*', hasData: true }
132 silly addNameRange versions [ 'amp-is-string', [ '0.0.0', '1.0.0' ] ]
133 verbose addNamed [ 'amp-is-string', '1.0.0' ]
134 verbose addNamed [ '1.0.0', '1.0.0' ]
135 silly lockFile f32f0a48-amp-is-string-1-0-0 amp-is-string@1.0.0
136 verbose lock amp-is-string@1.0.0 /Users/latentflip/.npm/f32f0a48-amp-is-string-1-0-0.lock
137 silly lockFile f32f0a48-amp-is-string-1-0-0 amp-is-string@1.0.0
138 silly lockFile f32f0a48-amp-is-string-1-0-0 amp-is-string@1.0.0
139 silly lockFile 98cc4fbc-amp-is-string amp-is-string@
140 silly lockFile 98cc4fbc-amp-is-string amp-is-string@
141 error git clone git@github.com:virtual-dom/patch Cloning into bare repository '/Users/latentflip/.npm/_git-remotes/git-github-com-virtual-dom-patch-9a8114b3'...
141 error git clone git@github.com:virtual-dom/patch ERROR: Repository not found.
141 error git clone git@github.com:virtual-dom/patch fatal: Could not read from remote repository.
141 error git clone git@github.com:virtual-dom/patch
141 error git clone git@github.com:virtual-dom/patch Please make sure you have the correct access rights
141 error git clone git@github.com:virtual-dom/patch and the repository exists.
142 silly lockFile 9a8114b3-git-github-com-virtual-dom-patch git@github.com:virtual-dom/patch
143 silly lockFile 9a8114b3-git-github-com-virtual-dom-patch git@github.com:virtual-dom/patch
144 silly lockFile ed9fd7e0-virtual-dom-patch virtual-dom/patch
145 silly lockFile ed9fd7e0-virtual-dom-patch virtual-dom/patch
146 error addLocal Could not install virtual-dom/patch
147 error git clone git@github.com:virtual-dom/create-element Cloning into bare repository '/Users/latentflip/.npm/_git-remotes/git-github-com-virtual-dom-create-element-fa2367a1'...
147 error git clone git@github.com:virtual-dom/create-element ERROR: Repository not found.
147 error git clone git@github.com:virtual-dom/create-element fatal: Could not read from remote repository.
147 error git clone git@github.com:virtual-dom/create-element
147 error git clone git@github.com:virtual-dom/create-element Please make sure you have the correct access rights
147 error git clone git@github.com:virtual-dom/create-element and the repository exists.
148 silly lockFile fa2367a1-b-com-virtual-dom-create-element git@github.com:virtual-dom/create-element
149 silly lockFile fa2367a1-b-com-virtual-dom-create-element git@github.com:virtual-dom/create-element
150 silly lockFile 5289a83c-virtual-dom-create-element virtual-dom/create-element
151 silly lockFile 5289a83c-virtual-dom-create-element virtual-dom/create-element
152 error addLocal Could not install virtual-dom/create-element
153 error git clone git@github.com:virtual-dom/h Cloning into bare repository '/Users/latentflip/.npm/_git-remotes/git-github-com-virtual-dom-h-81baa87c'...
153 error git clone git@github.com:virtual-dom/h ERROR: Repository not found.
153 error git clone git@github.com:virtual-dom/h fatal: Could not read from remote repository.
153 error git clone git@github.com:virtual-dom/h
153 error git clone git@github.com:virtual-dom/h Please make sure you have the correct access rights
153 error git clone git@github.com:virtual-dom/h and the repository exists.
154 silly lockFile 81baa87c-git-github-com-virtual-dom-h git@github.com:virtual-dom/h
155 silly lockFile 81baa87c-git-github-com-virtual-dom-h git@github.com:virtual-dom/h
156 silly lockFile c7fd4051-virtual-dom-h virtual-dom/h
157 silly lockFile c7fd4051-virtual-dom-h virtual-dom/h
158 error addLocal Could not install virtual-dom/h
159 error git clone git@github.com:virtual-dom/diff Cloning into bare repository '/Users/latentflip/.npm/_git-remotes/git-github-com-virtual-dom-diff-c7a14e56'...
159 error git clone git@github.com:virtual-dom/diff ERROR: Repository not found.
159 error git clone git@github.com:virtual-dom/diff fatal: Could not read from remote repository.
159 error git clone git@github.com:virtual-dom/diff
159 error git clone git@github.com:virtual-dom/diff Please make sure you have the correct access rights
159 error git clone git@github.com:virtual-dom/diff and the repository exists.
160 silly lockFile c7a14e56-git-github-com-virtual-dom-diff git@github.com:virtual-dom/diff
161 silly lockFile c7a14e56-git-github-com-virtual-dom-diff git@github.com:virtual-dom/diff
162 silly lockFile e43d5491-virtual-dom-diff virtual-dom/diff
163 silly lockFile e43d5491-virtual-dom-diff virtual-dom/diff
164 error addLocal Could not install virtual-dom/diff
165 error Error: ENOENT, stat 'virtual-dom/patch'
166 error If you need help, you may report this *entire* log,
166 error including the npm and node versions, at:
166 error     <http://github.com/npm/npm/issues>
167 error System Darwin 14.0.0
168 error command "/Users/latentflip/.nvm/v0.10.33/bin/node" "/Users/latentflip/.nvm/v0.10.33/bin/npm" "install" "html-parse-stringify" "virtual-dom/h" "virtual-dom/diff" "virtual-dom/patch" "virtual-dom/create-element" "amp-is-string"
169 error cwd /Users/latentflip/Code/github/latentflip/ampersand-virtual-dom-mixin
170 error node -v v0.10.33
171 error npm -v 1.4.28
172 error path virtual-dom/patch
173 error code ENOENT
174 error errno 34
175 verbose exit [ 34, true ]
